<?xml version="1.0" encoding="utf-8"?>
<coverage line-rate="0.4789" branch-rate="0.34119999999999995" version="1.9" timestamp="1773021019" lines-covered="273" lines-valid="570" branches-covered="43" branches-valid="126">
  <sources>
    <source>C:\Users\israe\OneDrive\Documentos\Projetos\C++\KernelEngine\src\csharp\</source>
  </sources>
  <packages>
    <package name="KernelEngine.Kernel" line-rate="0.49450000000000005" branch-rate="0.34119999999999995" complexity="244">
      <classes>
        <class name="KernelEngine.Kernel.Allocator" filename="KernelEngine.Kernel\Allocator.cs" line-rate="0.8571" branch-rate="0.5" complexity="9">
          <methods>
            <method name="get_Native" signature="()" line-rate="1" branch-rate="1" complexity="1">
              <lines>
                <line number="15" hits="25" branch="False" />
                <line number="16" hits="25" branch="False" />
                <line number="17" hits="25" branch="False" />
                <line number="18" hits="25" branch="False" />
              </lines>
            </method>
            <method name="Allocate" signature="(System.UIntPtr,System.UIntPtr)" line-rate="1" branch-rate="1" complexity="1">
              <lines>
                <line number="24" hits="2" branch="False" />
                <line number="25" hits="2" branch="False" />
                <line number="26" hits="2" branch="False" />
                <line number="27" hits="2" branch="False" />
              </lines>
            </method>
            <method name="Free" signature="(System.Void*)" line-rate="1" branch-rate="1" complexity="1">
              <lines>
                <line number="30" hits="2" branch="False" />
                <line number="31" hits="2" branch="False" />
                <line number="32" hits="2" branch="False" />
                <line number="33" hits="2" branch="False" />
              </lines>
            </method>
            <method name="Reallocate" signature="(System.Void*,System.UIntPtr)" line-rate="1" branch-rate="1" complexity="1">
              <lines>
                <line number="36" hits="1" branch="False" />
                <line number="37" hits="1" branch="False" />
                <line number="38" hits="1" branch="False" />
                <line number="39" hits="1" branch="False" />
              </lines>
            </method>
            <method name="Reset" signature="()" line-rate="0" branch-rate="0" complexity="2">
              <lines>
                <line number="43" hits="0" branch="False" />
                <line number="44" hits="0" branch="True" condition-coverage="0% (0/2)">
                  <conditions>
                    <condition number="21" type="jump" coverage="0%" />
                  </conditions>
                </line>
                <line number="45" hits="0" branch="False" />
                <line number="46" hits="0" branch="False" />
              </lines>
            </method>
            <method name="Dispose" signature="()" line-rate="1" branch-rate="1" complexity="2">
              <lines>
                <line number="49" hits="22" branch="False" />
                <line number="50" hits="22" branch="True" condition-coverage="100% (2/2)">
                  <conditions>
                    <condition number="16" type="jump" coverage="100%" />
                  </conditions>
                </line>
                <line number="51" hits="22" branch="False" />
                <line number="52" hits="22" branch="False" />
                <line number="53" hits="22" branch="False" />
                <line number="54" hits="22" branch="False" />
                <line number="55" hits="22" branch="False" />
              </lines>
            </method>
            <method name=".ctor" signature="(KernelEngine.Kernel.Native.ke_allocator*)" line-rate="1" branch-rate="1" complexity="1">
              <lines>
                <line number="21" hits="44" branch="False" />
              </lines>
            </method>
          </methods>
          <lines>
            <line number="15" hits="25" branch="False" />
            <line number="16" hits="25" branch="False" />
            <line number="17" hits="25" branch="False" />
            <line number="18" hits="25" branch="False" />
            <line number="24" hits="2" branch="False" />
            <line number="25" hits="2" branch="False" />
            <line number="26" hits="2" branch="False" />
            <line number="27" hits="2" branch="False" />
            <line number="30" hits="2" branch="False" />
            <line number="31" hits="2" branch="False" />
            <line number="32" hits="2" branch="False" />
            <line number="33" hits="2" branch="False" />
            <line number="36" hits="1" branch="False" />
            <line number="37" hits="1" branch="False" />
            <line number="38" hits="1" branch="False" />
            <line number="39" hits="1" branch="False" />
            <line number="43" hits="0" branch="False" />
            <line number="44" hits="0" branch="True" condition-coverage="0% (0/2)">
              <conditions>
                <condition number="21" type="jump" coverage="0%" />
              </conditions>
            </line>
            <line number="45" hits="0" branch="False" />
            <line number="46" hits="0" branch="False" />
            <line number="49" hits="22" branch="False" />
            <line number="50" hits="22" branch="True" condition-coverage="100% (2/2)">
              <conditions>
                <condition number="16" type="jump" coverage="100%" />
              </conditions>
            </line>
            <line number="51" hits="22" branch="False" />
            <line number="52" hits="22" branch="False" />
            <line number="53" hits="22" branch="False" />
            <line number="54" hits="22" branch="False" />
            <line number="55" hits="22" branch="False" />
            <line number="21" hits="44" branch="False" />
          </lines>
        </class>
        <class name="KernelEngine.Kernel.MallocAllocator" filename="KernelEngine.Kernel\Allocator.cs" line-rate="1" branch-rate="1" complexity="1">
          <methods>
            <method name=".ctor" signature="()" line-rate="1" branch-rate="1" complexity="1">
              <lines>
                <line number="63" hits="66" branch="False" />
              </lines>
            </method>
          </methods>
          <lines>
            <line number="63" hits="66" branch="False" />
          </lines>
        </class>
        <class name="KernelEngine.Kernel.ArenaAllocator" filename="KernelEngine.Kernel\Allocator.cs" line-rate="0" branch-rate="1" complexity="1">
          <methods>
            <method name=".ctor" signature="(System.UIntPtr)" line-rate="0" branch-rate="1" complexity="1">
              <lines>
                <line number="71" hits="0" branch="False" />
              </lines>
            </method>
          </methods>
          <lines>
            <line number="71" hits="0" branch="False" />
          </lines>
        </class>
        <class name="KernelEngine.Kernel.ConsoleSink" filename="KernelEngine.Kernel\ConsoleSink.cs" line-rate="1" branch-rate="0.5" complexity="6">
          <methods>
            <method name="get_MinLevel" signature="()" line-rate="1" branch-rate="1" complexity="1">
              <lines>
                <line number="15" hits="2" branch="False" />
              </lines>
            </method>
            <method name="Log" signature="(KernelEngine.Kernel.Native.ke_log_level,System.String,System.String)" line-rate="1" branch-rate="0.5" complexity="4">
              <lines>
                <line number="19" hits="1" branch="False" />
                <line number="20" hits="1" branch="False" />
                <line number="21" hits="1" branch="True" condition-coverage="50% (2/4)">
                  <conditions>
                    <condition number="5" type="jump" coverage="50%" />
                    <condition number="15" type="jump" coverage="50%" />
                  </conditions>
                </line>
                <line number="22" hits="1" branch="False" />
                <line number="23" hits="1" branch="False" />
                <line number="24" hits="1" branch="False" />
              </lines>
            </method>
            <method name=".cctor" signature="()" line-rate="1" branch-rate="1" complexity="1">
              <lines>
                <line number="12" hits="1" branch="False" />
              </lines>
            </method>
          </methods>
          <lines>
            <line number="15" hits="2" branch="False" />
            <line number="19" hits="1" branch="False" />
            <line number="20" hits="1" branch="False" />
            <line number="21" hits="1" branch="True" condition-coverage="50% (2/4)">
              <conditions>
                <condition number="5" type="jump" coverage="50%" />
                <condition number="15" type="jump" coverage="50%" />
              </conditions>
            </line>
            <line number="22" hits="1" branch="False" />
            <line number="23" hits="1" branch="False" />
            <line number="24" hits="1" branch="False" />
            <line number="12" hits="1" branch="False" />
          </lines>
        </class>
        <class name="KernelEngine.Kernel.EcsQuery`1" filename="KernelEngine.Kernel\EcsQuery.cs" line-rate="0.6363" branch-rate="1" complexity="5">
          <methods>
            <method name="get_Entities" signature="()" line-rate="1" branch-rate="1" complexity="1">
              <lines>
                <line number="9" hits="1" branch="False" />
              </lines>
            </method>
            <method name="get_Data" signature="()" line-rate="1" branch-rate="1" complexity="1">
              <lines>
                <line number="10" hits="1" branch="False" />
              </lines>
            </method>
            <method name="get_Length" signature="()" line-rate="1" branch-rate="1" complexity="1">
              <lines>
                <line number="11" hits="1" branch="False" />
              </lines>
            </method>
            <method name="Deconstruct" signature="(System.ReadOnlySpan`1&lt;System.UInt64&gt;&amp;,System.Span`1&lt;T&gt;&amp;)" line-rate="0" branch-rate="1" complexity="1">
              <lines>
                <line number="20" hits="0" branch="False" />
                <line number="21" hits="0" branch="False" />
                <line number="22" hits="0" branch="False" />
                <line number="23" hits="0" branch="False" />
              </lines>
            </method>
            <method name=".ctor" signature="(System.ReadOnlySpan`1&lt;System.UInt64&gt;,System.Span`1&lt;T&gt;)" line-rate="1" branch-rate="1" complexity="1">
              <lines>
                <line number="14" hits="2" branch="False" />
                <line number="15" hits="2" branch="False" />
                <line number="16" hits="2" branch="False" />
                <line number="17" hits="2" branch="False" />
              </lines>
            </method>
          </methods>
          <lines>
            <line number="9" hits="1" branch="False" />
            <line number="10" hits="1" branch="False" />
            <line number="11" hits="1" branch="False" />
            <line number="20" hits="0" branch="False" />
            <line number="21" hits="0" branch="False" />
            <line number="22" hits="0" branch="False" />
            <line number="23" hits="0" branch="False" />
            <line number="14" hits="2" branch="False" />
            <line number="15" hits="2" branch="False" />
            <line number="16" hits="2" branch="False" />
            <line number="17" hits="2" branch="False" />
          </lines>
        </class>
        <class name="KernelEngine.Kernel.EcsRegistry" filename="KernelEngine.Kernel\EcsRegistry.cs" line-rate="0.9047" branch-rate="0.5" complexity="12">
          <methods>
            <method name="get_Native" signature="()" line-rate="0" branch-rate="1" complexity="1">
              <lines>
                <line number="15" hits="0" branch="False" />
              </lines>
            </method>
            <method name="CreateEntity" signature="()" line-rate="1" branch-rate="1" complexity="1">
              <lines>
                <line number="20" hits="9" branch="False" />
              </lines>
            </method>
            <method name="DestroyEntity" signature="(System.UInt64)" line-rate="0" branch-rate="1" complexity="1">
              <lines>
                <line number="23" hits="0" branch="False" />
              </lines>
            </method>
            <method name="RegisterComponent" signature="(System.String)" line-rate="1" branch-rate="0.5" complexity="4">
              <lines>
                <line number="27" hits="8" branch="False" />
                <line number="28" hits="8" branch="False" />
                <line number="29" hits="8" branch="True" condition-coverage="50% (2/4)">
                  <conditions>
                    <condition number="26" type="jump" coverage="50%" />
                    <condition number="31" type="jump" coverage="50%" />
                  </conditions>
                </line>
                <line number="30" hits="8" branch="False" />
                <line number="31" hits="8" branch="False" />
              </lines>
            </method>
            <method name="AddComponent" signature="(System.UInt64,System.UInt32)" line-rate="1" branch-rate="1" complexity="1">
              <lines>
                <line number="35" hits="7" branch="False" />
                <line number="36" hits="7" branch="False" />
                <line number="37" hits="7" branch="False" />
                <line number="38" hits="7" branch="False" />
              </lines>
            </method>
            <method name="GetComponent" signature="(System.UInt64,System.UInt32)" line-rate="1" branch-rate="1" complexity="1">
              <lines>
                <line number="42" hits="6" branch="False" />
              </lines>
            </method>
            <method name="RemoveComponent" signature="(System.UInt64,System.UInt32)" line-rate="1" branch-rate="1" complexity="1">
              <lines>
                <line number="46" hits="1" branch="False" />
              </lines>
            </method>
            <method name="Query" signature="(System.UInt32)" line-rate="1" branch-rate="1" complexity="1">
              <lines>
                <line number="53" hits="2" branch="False" />
                <line number="57" hits="2" branch="False" />
                <line number="58" hits="2" branch="False" />
                <line number="59" hits="2" branch="False" />
                <line number="60" hits="2" branch="False" />
                <line number="61" hits="2" branch="False" />
              </lines>
            </method>
            <method name=".ctor" signature="(KernelEngine.Kernel.Native.ke_ecs_registry*)" line-rate="1" branch-rate="1" complexity="1">
              <lines>
                <line number="17" hits="20" branch="False" />
              </lines>
            </method>
          </methods>
          <lines>
            <line number="15" hits="0" branch="False" />
            <line number="20" hits="9" branch="False" />
            <line number="23" hits="0" branch="False" />
            <line number="27" hits="8" branch="False" />
            <line number="28" hits="8" branch="False" />
            <line number="29" hits="8" branch="True" condition-coverage="50% (2/4)">
              <conditions>
                <condition number="26" type="jump" coverage="50%" />
                <condition number="31" type="jump" coverage="50%" />
              </conditions>
            </line>
            <line number="30" hits="8" branch="False" />
            <line number="31" hits="8" branch="False" />
            <line number="35" hits="7" branch="False" />
            <line number="36" hits="7" branch="False" />
            <line number="37" hits="7" branch="False" />
            <line number="38" hits="7" branch="False" />
            <line number="42" hits="6" branch="False" />
            <line number="46" hits="1" branch="False" />
            <line number="53" hits="2" branch="False" />
            <line number="57" hits="2" branch="False" />
            <line number="58" hits="2" branch="False" />
            <line number="59" hits="2" branch="False" />
            <line number="60" hits="2" branch="False" />
            <line number="61" hits="2" branch="False" />
            <line number="17" hits="20" branch="False" />
          </lines>
        </class>
        <class name="KernelEngine.Kernel.ILoggerSink" filename="KernelEngine.Kernel\ILoggerSink.cs" line-rate="0" branch-rate="1" complexity="1">
          <methods>
            <method name="get_MinLevel" signature="()" line-rate="0" branch-rate="1" complexity="1">
              <lines>
                <line number="14" hits="0" branch="False" />
              </lines>
            </method>
          </methods>
          <lines>
            <line number="14" hits="0" branch="False" />
          </lines>
        </class>
        <class name="KernelEngine.Kernel.Input" filename="KernelEngine.Kernel\Input.cs" line-rate="0.9523" branch-rate="0.75" complexity="8">
          <methods>
            <method name="Update" signature="()" line-rate="0" branch-rate="1" complexity="1">
              <lines>
                <line number="28" hits="0" branch="False" />
              </lines>
            </method>
            <method name="IsKeyPressed" signature="(System.Int32)" line-rate="1" branch-rate="1" complexity="1">
              <lines>
                <line number="31" hits="1" branch="False" />
              </lines>
            </method>
            <method name="IsKeyReleased" signature="(System.Int32)" line-rate="1" branch-rate="1" complexity="1">
              <lines>
                <line number="34" hits="1" branch="False" />
              </lines>
            </method>
            <method name="IsKeyDown" signature="(System.Int32)" line-rate="1" branch-rate="1" complexity="1">
              <lines>
                <line number="37" hits="1" branch="False" />
              </lines>
            </method>
            <method name="Dispose" signature="()" line-rate="1" branch-rate="1" complexity="2">
              <lines>
                <line number="40" hits="4" branch="False" />
                <line number="41" hits="4" branch="True" condition-coverage="100% (2/2)">
                  <conditions>
                    <condition number="16" type="jump" coverage="100%" />
                  </conditions>
                </line>
                <line number="42" hits="4" branch="False" />
                <line number="43" hits="4" branch="False" />
                <line number="44" hits="4" branch="False" />
                <line number="45" hits="4" branch="False" />
                <line number="46" hits="4" branch="False" />
              </lines>
            </method>
            <method name=".ctor" signature="(KernelEngine.Kernel.Allocator,KernelEngine.Kernel.Logger,KernelEngine.Kernel.MessagePipe)" line-rate="1" branch-rate="0.5" complexity="2">
              <lines>
                <line number="14" hits="4" branch="False" />
                <line number="15" hits="4" branch="False" />
                <line number="17" hits="4" branch="True" condition-coverage="50% (1/2)">
                  <conditions>
                    <condition number="15" type="jump" coverage="50%" />
                  </conditions>
                </line>
                <line number="18" hits="4" branch="False" />
                <line number="19" hits="4" branch="False" />
                <line number="20" hits="4" branch="False" />
                <line number="21" hits="4" branch="False" />
                <line number="23" hits="4" branch="False" />
                <line number="24" hits="4" branch="False" />
                <line number="25" hits="4" branch="False" />
              </lines>
            </method>
          </methods>
          <lines>
            <line number="28" hits="0" branch="False" />
            <line number="31" hits="1" branch="False" />
            <line number="34" hits="1" branch="False" />
            <line number="37" hits="1" branch="False" />
            <line number="40" hits="4" branch="False" />
            <line number="41" hits="4" branch="True" condition-coverage="100% (2/2)">
              <conditions>
                <condition number="16" type="jump" coverage="100%" />
              </conditions>
            </line>
            <line number="42" hits="4" branch="False" />
            <line number="43" hits="4" branch="False" />
            <line number="44" hits="4" branch="False" />
            <line number="45" hits="4" branch="False" />
            <line number="46" hits="4" branch="False" />
            <line number="14" hits="4" branch="False" />
            <line number="15" hits="4" branch="False" />
            <line number="17" hits="4" branch="True" condition-coverage="50% (1/2)">
              <conditions>
                <condition number="15" type="jump" coverage="50%" />
              </conditions>
            </line>
            <line number="18" hits="4" branch="False" />
            <line number="19" hits="4" branch="False" />
            <line number="20" hits="4" branch="False" />
            <line number="21" hits="4" branch="False" />
            <line number="23" hits="4" branch="False" />
            <line number="24" hits="4" branch="False" />
            <line number="25" hits="4" branch="False" />
          </lines>
        </class>
        <class name="KernelEngine.Kernel.KernelException" filename="KernelEngine.Kernel\KernelException.cs" line-rate="0.9259000000000001" branch-rate="0.5" complexity="9">
          <methods>
            <method name="get_Result" signature="()" line-rate="0" branch-rate="1" complexity="1">
              <lines>
                <line number="26" hits="0" branch="False" />
              </lines>
            </method>
            <method name="FormatMessage" signature="(KernelEngine.Kernel.Native.ke_result,System.String)" line-rate="1" branch-rate="0.5" complexity="4">
              <lines>
                <line number="35" hits="1" branch="False" />
                <line number="36" hits="1" branch="True" condition-coverage="50% (1/2)">
                  <conditions>
                    <condition number="14" type="jump" coverage="50%" />
                  </conditions>
                </line>
                <line number="37" hits="1" branch="True" condition-coverage="50% (1/2)">
                  <conditions>
                    <condition number="78" type="jump" coverage="50%" />
                  </conditions>
                </line>
                <line number="38" hits="1" branch="False" />
              </lines>
            </method>
            <method name="ThrowIfFailed" signature="(KernelEngine.Kernel.Native.ke_result,System.String)" line-rate="0.75" branch-rate="0.5" complexity="2">
              <lines>
                <line number="41" hits="25" branch="False" />
                <line number="42" hits="25" branch="True" condition-coverage="50% (1/2)">
                  <conditions>
                    <condition number="7" type="jump" coverage="50%" />
                  </conditions>
                </line>
                <line number="43" hits="0" branch="False" />
                <line number="44" hits="25" branch="False" />
              </lines>
            </method>
            <method name=".ctor" signature="(KernelEngine.Kernel.Native.ke_result,System.String)" line-rate="1" branch-rate="1" complexity="1">
              <lines>
                <line number="29" hits="1" branch="False" />
                <line number="30" hits="1" branch="False" />
                <line number="31" hits="1" branch="False" />
                <line number="32" hits="1" branch="False" />
              </lines>
            </method>
            <method name=".cctor" signature="()" line-rate="1" branch-rate="1" complexity="1">
              <lines>
                <line number="10" hits="1" branch="False" />
                <line number="11" hits="1" branch="False" />
                <line number="12" hits="1" branch="False" />
                <line number="13" hits="1" branch="False" />
                <line number="14" hits="1" branch="False" />
                <line number="15" hits="1" branch="False" />
                <line number="16" hits="1" branch="False" />
                <line number="17" hits="1" branch="False" />
                <line number="18" hits="1" branch="False" />
                <line number="19" hits="1" branch="False" />
                <line number="20" hits="1" branch="False" />
                <line number="21" hits="1" branch="False" />
                <line number="22" hits="1" branch="False" />
                <line number="23" hits="1" branch="False" />
              </lines>
            </method>
          </methods>
          <lines>
            <line number="26" hits="0" branch="False" />
            <line number="35" hits="1" branch="False" />
            <line number="36" hits="1" branch="True" condition-coverage="50% (1/2)">
              <conditions>
                <condition number="14" type="jump" coverage="50%" />
              </conditions>
            </line>
            <line number="37" hits="1" branch="True" condition-coverage="50% (1/2)">
              <conditions>
                <condition number="78" type="jump" coverage="50%" />
              </conditions>
            </line>
            <line number="38" hits="1" branch="False" />
            <line number="41" hits="25" branch="False" />
            <line number="42" hits="25" branch="True" condition-coverage="50% (1/2)">
              <conditions>
                <condition number="7" type="jump" coverage="50%" />
              </conditions>
            </line>
            <line number="43" hits="0" branch="False" />
            <line number="44" hits="25" branch="False" />
            <line number="29" hits="1" branch="False" />
            <line number="30" hits="1" branch="False" />
            <line number="31" hits="1" branch="False" />
            <line number="32" hits="1" branch="False" />
            <line number="10" hits="1" branch="False" />
            <line number="11" hits="1" branch="False" />
            <line number="12" hits="1" branch="False" />
            <line number="13" hits="1" branch="False" />
            <line number="14" hits="1" branch="False" />
            <line number="15" hits="1" branch="False" />
            <line number="16" hits="1" branch="False" />
            <line number="17" hits="1" branch="False" />
            <line number="18" hits="1" branch="False" />
            <line number="19" hits="1" branch="False" />
            <line number="20" hits="1" branch="False" />
            <line number="21" hits="1" branch="False" />
            <line number="22" hits="1" branch="False" />
            <line number="23" hits="1" branch="False" />
          </lines>
        </class>
        <class name="KernelEngine.Kernel.Logger" filename="KernelEngine.Kernel\Logger.cs" line-rate="0.8771" branch-rate="0.5714" complexity="23">
          <methods>
            <method name="get_Native" signature="()" line-rate="1" branch-rate="1" complexity="1">
              <lines>
                <line number="20" hits="1" branch="False" />
                <line number="21" hits="1" branch="False" />
                <line number="22" hits="1" branch="False" />
                <line number="23" hits="1" branch="False" />
              </lines>
            </method>
            <method name="Log" signature="(KernelEngine.Kernel.Native.ke_log_level,System.String,System.String)" line-rate="1" branch-rate="0.5" complexity="8">
              <lines>
                <line number="38" hits="1" branch="False" />
                <line number="39" hits="1" branch="False" />
                <line number="40" hits="1" branch="False" />
                <line number="41" hits="2" branch="True" condition-coverage="50% (4/8)">
                  <conditions>
                    <condition number="49" type="jump" coverage="50%" />
                    <condition number="55" type="jump" coverage="50%" />
                    <condition number="76" type="jump" coverage="50%" />
                    <condition number="82" type="jump" coverage="50%" />
                  </conditions>
                </line>
                <line number="42" hits="1" branch="False" />
                <line number="43" hits="1" branch="False" />
                <line number="44" hits="1" branch="False" />
                <line number="45" hits="1" branch="False" />
                <line number="46" hits="1" branch="False" />
                <line number="47" hits="1" branch="False" />
                <line number="48" hits="1" branch="False" />
                <line number="49" hits="1" branch="False" />
                <line number="50" hits="1" branch="False" />
                <line number="51" hits="1" branch="False" />
              </lines>
            </method>
            <method name="Debug" signature="(System.String,System.String)" line-rate="0" branch-rate="1" complexity="1">
              <lines>
                <line number="53" hits="0" branch="False" />
              </lines>
            </method>
            <method name="Info" signature="(System.String,System.String)" line-rate="1" branch-rate="1" complexity="1">
              <lines>
                <line number="54" hits="1" branch="False" />
              </lines>
            </method>
            <method name="Warning" signature="(System.String,System.String)" line-rate="0" branch-rate="1" complexity="1">
              <lines>
                <line number="55" hits="0" branch="False" />
              </lines>
            </method>
            <method name="Error" signature="(System.String,System.String)" line-rate="0" branch-rate="1" complexity="1">
              <lines>
                <line number="56" hits="0" branch="False" />
              </lines>
            </method>
            <method name="AddSink" signature="(KernelEngine.Kernel.ILoggerSink,KernelEngine.Kernel.Native.ke_log_level)" line-rate="1" branch-rate="1" complexity="1">
              <lines>
                <line number="62" hits="1" branch="False" />
                <line number="63" hits="1" branch="False" />
                <line number="64" hits="1" branch="False" />
                <line number="66" hits="1" branch="False" />
                <line number="67" hits="1" branch="False" />
                <line number="68" hits="1" branch="False" />
                <line number="69" hits="1" branch="False" />
                <line number="70" hits="1" branch="False" />
                <line number="71" hits="1" branch="False" />
                <line number="72" hits="1" branch="False" />
                <line number="74" hits="1" branch="False" />
                <line number="75" hits="1" branch="False" />
              </lines>
            </method>
            <method name="LogCallback" signature="(KernelEngine.Kernel.Native.ke_logger_sink*,KernelEngine.Kernel.Native.ke_log_event*)" line-rate="1" branch-rate="0.5" complexity="4">
              <lines>
                <line number="79" hits="1" branch="False" />
                <line number="80" hits="1" branch="False" />
                <line number="81" hits="1" branch="True" condition-coverage="50% (1/2)">
                  <conditions>
                    <condition number="38" type="jump" coverage="50%" />
                  </conditions>
                </line>
                <line number="82" hits="1" branch="True" condition-coverage="50% (1/2)">
                  <conditions>
                    <condition number="59" type="jump" coverage="50%" />
                  </conditions>
                </line>
                <line number="83" hits="1" branch="False" />
                <line number="84" hits="1" branch="False" />
              </lines>
            </method>
            <method name="SinkDestroy" signature="(KernelEngine.Kernel.Native.ke_logger_sink*)" line-rate="0" branch-rate="1" complexity="1">
              <lines>
                <line number="88" hits="0" branch="False" />
                <line number="89" hits="0" branch="False" />
                <line number="90" hits="0" branch="False" />
              </lines>
            </method>
            <method name="Dispose" signature="()" line-rate="1" branch-rate="1" complexity="2">
              <lines>
                <line number="93" hits="1" branch="False" />
                <line number="94" hits="1" branch="True" condition-coverage="100% (2/2)">
                  <conditions>
                    <condition number="16" type="jump" coverage="100%" />
                  </conditions>
                </line>
                <line number="95" hits="1" branch="False" />
                <line number="96" hits="1" branch="False" />
                <line number="97" hits="1" branch="False" />
                <line number="98" hits="1" branch="False" />
                <line number="99" hits="1" branch="False" />
              </lines>
            </method>
            <method name=".ctor" signature="(KernelEngine.Kernel.Native.ke_logger*)" line-rate="0.5" branch-rate="1" complexity="1">
              <lines>
                <line number="15" hits="3" branch="False" />
                <line number="26" hits="0" branch="False" />
              </lines>
            </method>
            <method name=".ctor" signature="(KernelEngine.Kernel.Allocator)" line-rate="1" branch-rate="1" complexity="1">
              <lines>
                <line number="29" hits="3" branch="False" />
                <line number="30" hits="3" branch="False" />
                <line number="32" hits="3" branch="False" />
                <line number="33" hits="3" branch="False" />
                <line number="34" hits="3" branch="False" />
              </lines>
            </method>
          </methods>
          <lines>
            <line number="20" hits="1" branch="False" />
            <line number="21" hits="1" branch="False" />
            <line number="22" hits="1" branch="False" />
            <line number="23" hits="1" branch="False" />
            <line number="38" hits="1" branch="False" />
            <line number="39" hits="1" branch="False" />
            <line number="40" hits="1" branch="False" />
            <line number="41" hits="2" branch="True" condition-coverage="50% (4/8)">
              <conditions>
                <condition number="49" type="jump" coverage="50%" />
                <condition number="55" type="jump" coverage="50%" />
                <condition number="76" type="jump" coverage="50%" />
                <condition number="82" type="jump" coverage="50%" />
              </conditions>
            </line>
            <line number="42" hits="1" branch="False" />
            <line number="43" hits="1" branch="False" />
            <line number="44" hits="1" branch="False" />
            <line number="45" hits="1" branch="False" />
            <line number="46" hits="1" branch="False" />
            <line number="47" hits="1" branch="False" />
            <line number="48" hits="1" branch="False" />
            <line number="49" hits="1" branch="False" />
            <line number="50" hits="1" branch="False" />
            <line number="51" hits="1" branch="False" />
            <line number="53" hits="0" branch="False" />
            <line number="54" hits="1" branch="False" />
            <line number="55" hits="0" branch="False" />
            <line number="56" hits="0" branch="False" />
            <line number="62" hits="1" branch="False" />
            <line number="63" hits="1" branch="False" />
            <line number="64" hits="1" branch="False" />
            <line number="66" hits="1" branch="False" />
            <line number="67" hits="1" branch="False" />
            <line number="68" hits="1" branch="False" />
            <line number="69" hits="1" branch="False" />
            <line number="70" hits="1" branch="False" />
            <line number="71" hits="1" branch="False" />
            <line number="72" hits="1" branch="False" />
            <line number="74" hits="1" branch="False" />
            <line number="75" hits="1" branch="False" />
            <line number="79" hits="1" branch="False" />
            <line number="80" hits="1" branch="False" />
            <line number="81" hits="1" branch="True" condition-coverage="50% (1/2)">
              <conditions>
                <condition number="38" type="jump" coverage="50%" />
              </conditions>
            </line>
            <line number="82" hits="1" branch="True" condition-coverage="50% (1/2)">
              <conditions>
                <condition number="59" type="jump" coverage="50%" />
              </conditions>
            </line>
            <line number="83" hits="1" branch="False" />
            <line number="84" hits="1" branch="False" />
            <line number="88" hits="0" branch="False" />
            <line number="89" hits="0" branch="False" />
            <line number="90" hits="0" branch="False" />
            <line number="93" hits="1" branch="False" />
            <line number="94" hits="1" branch="True" condition-coverage="100% (2/2)">
              <conditions>
                <condition number="16" type="jump" coverage="100%" />
              </conditions>
            </line>
            <line number="95" hits="1" branch="False" />
            <line number="96" hits="1" branch="False" />
            <line number="97" hits="1" branch="False" />
            <line number="98" hits="1" branch="False" />
            <line number="99" hits="1" branch="False" />
            <line number="15" hits="3" branch="False" />
            <line number="26" hits="0" branch="False" />
            <line number="29" hits="3" branch="False" />
            <line number="30" hits="3" branch="False" />
            <line number="32" hits="3" branch="False" />
            <line number="33" hits="3" branch="False" />
            <line number="34" hits="3" branch="False" />
          </lines>
        </class>
        <class name="KernelEngine.Kernel.MessagePipe" filename="KernelEngine.Kernel\MessagePipe.cs" line-rate="0.7692" branch-rate="1" complexity="10">
          <methods>
            <method name="get_Native" signature="()" line-rate="1" branch-rate="1" complexity="1">
              <lines>
                <line number="15" hits="4" branch="False" />
                <line number="16" hits="4" branch="False" />
                <line number="17" hits="4" branch="False" />
                <line number="18" hits="4" branch="False" />
              </lines>
            </method>
            <method name="Broadcast" signature="(System.UInt64,T)" line-rate="1" branch-rate="1" complexity="1">
              <lines>
                <line number="36" hits="3" branch="False" />
                <line number="37" hits="3" branch="False" />
                <line number="38" hits="3" branch="False" />
                <line number="39" hits="3" branch="False" />
              </lines>
            </method>
            <method name="TryReceive" signature="(System.UInt64,T&amp;)" line-rate="1" branch-rate="1" complexity="1">
              <lines>
                <line number="42" hits="3" branch="False" />
                <line number="43" hits="3" branch="False" />
                <line number="44" hits="3" branch="False" />
                <line number="45" hits="3" branch="False" />
                <line number="46" hits="3" branch="False" />
                <line number="47" hits="3" branch="False" />
              </lines>
            </method>
            <method name="Pump" signature="()" line-rate="0" branch-rate="1" complexity="1">
              <lines>
                <line number="50" hits="0" branch="False" />
                <line number="51" hits="0" branch="False" />
                <line number="52" hits="0" branch="False" />
                <line number="53" hits="0" branch="False" />
              </lines>
            </method>
            <method name="CreateReader" signature="(KernelEngine.Kernel.MessagePipe)" line-rate="0" branch-rate="1" complexity="1">
              <lines>
                <line number="56" hits="0" branch="False" />
                <line number="58" hits="0" branch="False" />
                <line number="59" hits="0" branch="False" />
                <line number="60" hits="0" branch="False" />
              </lines>
            </method>
            <method name="Dispose" signature="()" line-rate="1" branch-rate="1" complexity="2">
              <lines>
                <line number="63" hits="6" branch="False" />
                <line number="64" hits="6" branch="True" condition-coverage="100% (2/2)">
                  <conditions>
                    <condition number="16" type="jump" coverage="100%" />
                  </conditions>
                </line>
                <line number="65" hits="6" branch="False" />
                <line number="66" hits="6" branch="False" />
                <line number="67" hits="6" branch="False" />
                <line number="68" hits="6" branch="False" />
                <line number="69" hits="6" branch="False" />
              </lines>
            </method>
            <method name=".ctor" signature="(KernelEngine.Kernel.Allocator,KernelEngine.Kernel.Logger)" line-rate="1" branch-rate="1" complexity="2">
              <lines>
                <line number="21" hits="6" branch="False" />
                <line number="22" hits="6" branch="False" />
                <line number="24" hits="6" branch="True" condition-coverage="100% (2/2)">
                  <conditions>
                    <condition number="15" type="jump" coverage="100%" />
                  </conditions>
                </line>
                <line number="25" hits="6" branch="False" />
                <line number="26" hits="6" branch="False" />
                <line number="27" hits="6" branch="False" />
                <line number="29" hits="6" branch="False" />
                <line number="30" hits="6" branch="False" />
                <line number="31" hits="6" branch="False" />
              </lines>
            </method>
            <method name=".ctor" signature="(KernelEngine.Kernel.Native.ke_message_pipe*)" line-rate="0" branch-rate="1" complexity="1">
              <lines>
                <line number="33" hits="0" branch="False" />
              </lines>
            </method>
          </methods>
          <lines>
            <line number="15" hits="4" branch="False" />
            <line number="16" hits="4" branch="False" />
            <line number="17" hits="4" branch="False" />
            <line number="18" hits="4" branch="False" />
            <line number="36" hits="3" branch="False" />
            <line number="37" hits="3" branch="False" />
            <line number="38" hits="3" branch="False" />
            <line number="39" hits="3" branch="False" />
            <line number="42" hits="3" branch="False" />
            <line number="43" hits="3" branch="False" />
            <line number="44" hits="3" branch="False" />
            <line number="45" hits="3" branch="False" />
            <line number="46" hits="3" branch="False" />
            <line number="47" hits="3" branch="False" />
            <line number="50" hits="0" branch="False" />
            <line number="51" hits="0" branch="False" />
            <line number="52" hits="0" branch="False" />
            <line number="53" hits="0" branch="False" />
            <line number="56" hits="0" branch="False" />
            <line number="58" hits="0" branch="False" />
            <line number="59" hits="0" branch="False" />
            <line number="60" hits="0" branch="False" />
            <line number="63" hits="6" branch="False" />
            <line number="64" hits="6" branch="True" condition-coverage="100% (2/2)">
              <conditions>
                <condition number="16" type="jump" coverage="100%" />
              </conditions>
            </line>
            <line number="65" hits="6" branch="False" />
            <line number="66" hits="6" branch="False" />
            <line number="67" hits="6" branch="False" />
            <line number="68" hits="6" branch="False" />
            <line number="69" hits="6" branch="False" />
            <line number="21" hits="6" branch="False" />
            <line number="22" hits="6" branch="False" />
            <line number="24" hits="6" branch="True" condition-coverage="100% (2/2)">
              <conditions>
                <condition number="15" type="jump" coverage="100%" />
              </conditions>
            </line>
            <line number="25" hits="6" branch="False" />
            <line number="26" hits="6" branch="False" />
            <line number="27" hits="6" branch="False" />
            <line number="29" hits="6" branch="False" />
            <line number="30" hits="6" branch="False" />
            <line number="31" hits="6" branch="False" />
            <line number="33" hits="0" branch="False" />
          </lines>
        </class>
        <class name="KernelEngine.Kernel.Node" filename="KernelEngine.Kernel\Node.cs" line-rate="0.2839" branch-rate="0.17850000000000002" complexity="40">
          <methods>
            <method name="Initialize" signature="(System.UInt64,KernelEngine.Kernel.World,System.String)" line-rate="0" branch-rate="1" complexity="1">
              <lines>
                <line number="38" hits="0" branch="False" />
                <line number="39" hits="0" branch="False" />
                <line number="40" hits="0" branch="False" />
                <line number="41" hits="0" branch="False" />
                <line number="42" hits="0" branch="False" />
                <line number="43" hits="0" branch="False" />
              </lines>
            </method>
            <method name="RegisterScript" signature="()" line-rate="0" branch-rate="0" complexity="2">
              <lines>
                <line number="50" hits="0" branch="False" />
                <line number="51" hits="0" branch="True" condition-coverage="0% (0/2)">
                  <conditions>
                    <condition number="12" type="jump" coverage="0%" />
                  </conditions>
                </line>
                <line number="52" hits="0" branch="False" />
                <line number="54" hits="0" branch="False" />
                <line number="55" hits="0" branch="False" />
                <line number="56" hits="0" branch="False" />
                <line number="57" hits="0" branch="False" />
                <line number="58" hits="0" branch="False" />
                <line number="59" hits="0" branch="False" />
                <line number="60" hits="0" branch="False" />
                <line number="61" hits="0" branch="False" />
              </lines>
            </method>
            <method name="get_Entity" signature="()" line-rate="1" branch-rate="1" complexity="1">
              <lines>
                <line number="66" hits="8" branch="False" />
              </lines>
            </method>
            <method name="get_Name" signature="()" line-rate="1" branch-rate="1" complexity="1">
              <lines>
                <line number="69" hits="1" branch="False" />
              </lines>
            </method>
            <method name="get_LocalTransform" signature="()" line-rate="0" branch-rate="0" complexity="2">
              <lines>
                <line number="77" hits="0" branch="False" />
                <line number="78" hits="0" branch="False" />
                <line number="79" hits="0" branch="True" condition-coverage="0% (0/2)">
                  <conditions>
                    <condition number="15" type="jump" coverage="0%" />
                  </conditions>
                </line>
                <line number="80" hits="0" branch="False" />
                <line number="81" hits="0" branch="False" />
              </lines>
            </method>
            <method name="set_LocalTransform" signature="(KernelEngine.Kernel.Transform)" line-rate="0" branch-rate="0" complexity="2">
              <lines>
                <line number="83" hits="0" branch="False" />
                <line number="84" hits="0" branch="False" />
                <line number="85" hits="0" branch="True" condition-coverage="0% (0/2)">
                  <conditions>
                    <condition number="15" type="jump" coverage="0%" />
                  </conditions>
                </line>
                <line number="86" hits="0" branch="False" />
                <line number="87" hits="0" branch="False" />
                <line number="88" hits="0" branch="False" />
                <line number="89" hits="0" branch="False" />
              </lines>
            </method>
            <method name="get_WorldMatrix" signature="()" line-rate="0" branch-rate="0" complexity="2">
              <lines>
                <line number="96" hits="0" branch="False" />
                <line number="97" hits="0" branch="False" />
                <line number="98" hits="0" branch="True" condition-coverage="0% (0/2)">
                  <conditions>
                    <condition number="11" type="jump" coverage="0%" />
                  </conditions>
                </line>
                <line number="99" hits="0" branch="False" />
              </lines>
            </method>
            <method name="get_TransformPtr" signature="()" line-rate="0" branch-rate="0" complexity="2">
              <lines>
                <line number="105" hits="0" branch="False" />
                <line number="106" hits="0" branch="True" condition-coverage="0% (0/2)">
                  <conditions>
                    <condition number="12" type="jump" coverage="0%" />
                  </conditions>
                </line>
                <line number="107" hits="0" branch="False" />
                <line number="108" hits="0" branch="False" />
              </lines>
            </method>
            <method name="get_Parent" signature="()" line-rate="1" branch-rate="0.5" complexity="4">
              <lines>
                <line number="117" hits="1" branch="False" />
                <line number="118" hits="1" branch="False" />
                <line number="119" hits="1" branch="True" condition-coverage="50% (2/4)">
                  <conditions>
                    <condition number="11" type="jump" coverage="50%" />
                    <condition number="19" type="jump" coverage="50%" />
                  </conditions>
                </line>
                <line number="120" hits="1" branch="False" />
              </lines>
            </method>
            <method name="get_FirstChild" signature="()" line-rate="1" branch-rate="0.5" complexity="4">
              <lines>
                <line number="127" hits="1" branch="False" />
                <line number="128" hits="1" branch="False" />
                <line number="129" hits="1" branch="True" condition-coverage="50% (2/4)">
                  <conditions>
                    <condition number="11" type="jump" coverage="50%" />
                    <condition number="19" type="jump" coverage="50%" />
                  </conditions>
                </line>
                <line number="130" hits="1" branch="False" />
              </lines>
            </method>
            <method name="get_NextSibling" signature="()" line-rate="0" branch-rate="0" complexity="4">
              <lines>
                <line number="137" hits="0" branch="False" />
                <line number="138" hits="0" branch="False" />
                <line number="139" hits="0" branch="True" condition-coverage="0% (0/4)">
                  <conditions>
                    <condition number="11" type="jump" coverage="0%" />
                    <condition number="19" type="jump" coverage="0%" />
                  </conditions>
                </line>
                <line number="140" hits="0" branch="False" />
              </lines>
            </method>
            <method name="get_HierarchyPtr" signature="()" line-rate="1" branch-rate="0.5" complexity="2">
              <lines>
                <line number="146" hits="2" branch="False" />
                <line number="147" hits="2" branch="True" condition-coverage="50% (1/2)">
                  <conditions>
                    <condition number="12" type="jump" coverage="50%" />
                  </conditions>
                </line>
                <line number="148" hits="2" branch="False" />
                <line number="149" hits="2" branch="False" />
              </lines>
            </method>
            <method name="AddComponent" signature="(System.UInt32)" line-rate="0" branch-rate="1" complexity="1">
              <lines>
                <line number="156" hits="0" branch="False" />
              </lines>
            </method>
            <method name="GetComponent" signature="(System.UInt32)" line-rate="0" branch-rate="1" complexity="1">
              <lines>
                <line number="160" hits="0" branch="False" />
              </lines>
            </method>
            <method name="RemoveComponent" signature="(System.UInt32)" line-rate="0" branch-rate="1" complexity="1">
              <lines>
                <line number="164" hits="0" branch="False" />
              </lines>
            </method>
            <method name="OnStart" signature="()" line-rate="0" branch-rate="1" complexity="1">
              <lines>
                <line number="169" hits="0" branch="False" />
              </lines>
            </method>
            <method name="OnUpdate" signature="(System.Single)" line-rate="0" branch-rate="1" complexity="1">
              <lines>
                <line number="172" hits="0" branch="False" />
              </lines>
            </method>
            <method name="Unregister" signature="(System.UInt64)" line-rate="0" branch-rate="1" complexity="1">
              <lines>
                <line number="176" hits="0" branch="False" />
              </lines>
            </method>
            <method name="NativeOnStart" signature="(System.UInt64)" line-rate="0" branch-rate="0" complexity="2">
              <lines>
                <line number="182" hits="0" branch="False" />
                <line number="183" hits="0" branch="True" condition-coverage="0% (0/2)">
                  <conditions>
                    <condition number="16" type="jump" coverage="0%" />
                  </conditions>
                </line>
                <line number="184" hits="0" branch="False" />
                <line number="185" hits="0" branch="False" />
                <line number="186" hits="0" branch="False" />
              </lines>
            </method>
            <method name="NativeOnUpdate" signature="(System.UInt64,System.Single)" line-rate="0" branch-rate="0" complexity="2">
              <lines>
                <line number="190" hits="0" branch="False" />
                <line number="191" hits="0" branch="True" condition-coverage="0% (0/2)">
                  <conditions>
                    <condition number="16" type="jump" coverage="0%" />
                  </conditions>
                </line>
                <line number="192" hits="0" branch="False" />
                <line number="193" hits="0" branch="False" />
                <line number="194" hits="0" branch="False" />
              </lines>
            </method>
            <method name=".ctor" signature="()" line-rate="0.5" branch-rate="1" complexity="1">
              <lines>
                <line number="22" hits="6" branch="False" />
                <line number="25" hits="0" branch="False" />
              </lines>
            </method>
            <method name=".ctor" signature="(System.UInt64,KernelEngine.Kernel.World,System.String)" line-rate="1" branch-rate="1" complexity="1">
              <lines>
                <line number="28" hits="6" branch="False" />
                <line number="29" hits="6" branch="False" />
                <line number="30" hits="6" branch="False" />
                <line number="31" hits="6" branch="False" />
                <line number="32" hits="6" branch="False" />
                <line number="33" hits="6" branch="False" />
                <line number="34" hits="6" branch="False" />
              </lines>
            </method>
            <method name=".cctor" signature="()" line-rate="1" branch-rate="1" complexity="1">
              <lines>
                <line number="18" hits="1" branch="False" />
              </lines>
            </method>
          </methods>
          <lines>
            <line number="38" hits="0" branch="False" />
            <line number="39" hits="0" branch="False" />
            <line number="40" hits="0" branch="False" />
            <line number="41" hits="0" branch="False" />
            <line number="42" hits="0" branch="False" />
            <line number="43" hits="0" branch="False" />
            <line number="50" hits="0" branch="False" />
            <line number="51" hits="0" branch="True" condition-coverage="0% (0/2)">
              <conditions>
                <condition number="12" type="jump" coverage="0%" />
              </conditions>
            </line>
            <line number="52" hits="0" branch="False" />
            <line number="54" hits="0" branch="False" />
            <line number="55" hits="0" branch="False" />
            <line number="56" hits="0" branch="False" />
            <line number="57" hits="0" branch="False" />
            <line number="58" hits="0" branch="False" />
            <line number="59" hits="0" branch="False" />
            <line number="60" hits="0" branch="False" />
            <line number="61" hits="0" branch="False" />
            <line number="66" hits="8" branch="False" />
            <line number="69" hits="1" branch="False" />
            <line number="77" hits="0" branch="False" />
            <line number="78" hits="0" branch="False" />
            <line number="79" hits="0" branch="True" condition-coverage="0% (0/2)">
              <conditions>
                <condition number="15" type="jump" coverage="0%" />
              </conditions>
            </line>
            <line number="80" hits="0" branch="False" />
            <line number="81" hits="0" branch="False" />
            <line number="83" hits="0" branch="False" />
            <line number="84" hits="0" branch="False" />
            <line number="85" hits="0" branch="True" condition-coverage="0% (0/2)">
              <conditions>
                <condition number="15" type="jump" coverage="0%" />
              </conditions>
            </line>
            <line number="86" hits="0" branch="False" />
            <line number="87" hits="0" branch="False" />
            <line number="88" hits="0" branch="False" />
            <line number="89" hits="0" branch="False" />
            <line number="96" hits="0" branch="False" />
            <line number="97" hits="0" branch="False" />
            <line number="98" hits="0" branch="True" condition-coverage="0% (0/2)">
              <conditions>
                <condition number="11" type="jump" coverage="0%" />
              </conditions>
            </line>
            <line number="99" hits="0" branch="False" />
            <line number="105" hits="0" branch="False" />
            <line number="106" hits="0" branch="True" condition-coverage="0% (0/2)">
              <conditions>
                <condition number="12" type="jump" coverage="0%" />
              </conditions>
            </line>
            <line number="107" hits="0" branch="False" />
            <line number="108" hits="0" branch="False" />
            <line number="117" hits="1" branch="False" />
            <line number="118" hits="1" branch="False" />
            <line number="119" hits="1" branch="True" condition-coverage="50% (2/4)">
              <conditions>
                <condition number="11" type="jump" coverage="50%" />
                <condition number="19" type="jump" coverage="50%" />
              </conditions>
            </line>
            <line number="120" hits="1" branch="False" />
            <line number="127" hits="1" branch="False" />
            <line number="128" hits="1" branch="False" />
            <line number="129" hits="1" branch="True" condition-coverage="50% (2/4)">
              <conditions>
                <condition number="11" type="jump" coverage="50%" />
                <condition number="19" type="jump" coverage="50%" />
              </conditions>
            </line>
            <line number="130" hits="1" branch="False" />
            <line number="137" hits="0" branch="False" />
            <line number="138" hits="0" branch="False" />
            <line number="139" hits="0" branch="True" condition-coverage="0% (0/4)">
              <conditions>
                <condition number="11" type="jump" coverage="0%" />
                <condition number="19" type="jump" coverage="0%" />
              </conditions>
            </line>
            <line number="140" hits="0" branch="False" />
            <line number="146" hits="2" branch="False" />
            <line number="147" hits="2" branch="True" condition-coverage="50% (1/2)">
              <conditions>
                <condition number="12" type="jump" coverage="50%" />
              </conditions>
            </line>
            <line number="148" hits="2" branch="False" />
            <line number="149" hits="2" branch="False" />
            <line number="156" hits="0" branch="False" />
            <line number="160" hits="0" branch="False" />
            <line number="164" hits="0" branch="False" />
            <line number="169" hits="0" branch="False" />
            <line number="172" hits="0" branch="False" />
            <line number="176" hits="0" branch="False" />
            <line number="182" hits="0" branch="False" />
            <line number="183" hits="0" branch="True" condition-coverage="0% (0/2)">
              <conditions>
                <condition number="16" type="jump" coverage="0%" />
              </conditions>
            </line>
            <line number="184" hits="0" branch="False" />
            <line number="185" hits="0" branch="False" />
            <line number="186" hits="0" branch="False" />
            <line number="190" hits="0" branch="False" />
            <line number="191" hits="0" branch="True" condition-coverage="0% (0/2)">
              <conditions>
                <condition number="16" type="jump" coverage="0%" />
              </conditions>
            </line>
            <line number="192" hits="0" branch="False" />
            <line number="193" hits="0" branch="False" />
            <line number="194" hits="0" branch="False" />
            <line number="22" hits="6" branch="False" />
            <line number="25" hits="0" branch="False" />
            <line number="28" hits="6" branch="False" />
            <line number="29" hits="6" branch="False" />
            <line number="30" hits="6" branch="False" />
            <line number="31" hits="6" branch="False" />
            <line number="32" hits="6" branch="False" />
            <line number="33" hits="6" branch="False" />
            <line number="34" hits="6" branch="False" />
            <line number="18" hits="1" branch="False" />
          </lines>
        </class>
        <class name="KernelEngine.Kernel.Renderer" filename="KernelEngine.Kernel\Renderer.cs" line-rate="0" branch-rate="0" complexity="54">
          <methods>
            <method name="get_Native" signature="()" line-rate="0" branch-rate="1" complexity="1">
              <lines>
                <line number="18" hits="0" branch="False" />
                <line number="19" hits="0" branch="False" />
                <line number="20" hits="0" branch="False" />
                <line number="21" hits="0" branch="False" />
              </lines>
            </method>
            <method name="Frame" signature="()" line-rate="0" branch-rate="1" complexity="1">
              <lines>
                <line number="35" hits="0" branch="False" />
              </lines>
            </method>
            <method name="ClearColor" signature="(System.Single,System.Single,System.Single,System.Single)" line-rate="0" branch-rate="1" complexity="1">
              <lines>
                <line number="38" hits="0" branch="False" />
              </lines>
            </method>
            <method name="ClearColor" signature="(System.Numerics.Vector4)" line-rate="0" branch-rate="1" complexity="1">
              <lines>
                <line number="41" hits="0" branch="False" />
              </lines>
            </method>
            <method name="SetOrthographic" signature="(System.Boolean)" line-rate="0" branch-rate="0" complexity="2">
              <lines>
                <line number="44" hits="0" branch="True" condition-coverage="0% (0/2)">
                  <conditions>
                    <condition number="19" type="jump" coverage="0%" />
                  </conditions>
                </line>
              </lines>
            </method>
            <method name="SetViewTransform" signature="(System.Numerics.Matrix4x4,System.Numerics.Matrix4x4)" line-rate="0" branch-rate="1" complexity="1">
              <lines>
                <line number="48" hits="0" branch="False" />
                <line number="49" hits="0" branch="False" />
                <line number="50" hits="0" branch="False" />
                <line number="51" hits="0" branch="False" />
                <line number="52" hits="0" branch="False" />
              </lines>
            </method>
            <method name="CreateMesh" signature="(KernelEngine.Kernel.Native.ke_vertex[],System.UInt16[])" line-rate="0" branch-rate="0" complexity="8">
              <lines>
                <line number="56" hits="0" branch="False" />
                <line number="58" hits="0" branch="True" condition-coverage="0% (0/4)">
                  <conditions>
                    <condition number="4" type="jump" coverage="0%" />
                    <condition number="9" type="jump" coverage="0%" />
                  </conditions>
                </line>
                <line number="59" hits="0" branch="True" condition-coverage="0% (0/4)">
                  <conditions>
                    <condition number="29" type="jump" coverage="0%" />
                    <condition number="35" type="jump" coverage="0%" />
                  </conditions>
                </line>
                <line number="60" hits="0" branch="False" />
                <line number="61" hits="0" branch="False" />
                <line number="62" hits="0" branch="False" />
                <line number="64" hits="0" branch="False" />
              </lines>
            </method>
            <method name="DestroyMesh" signature="(System.UInt32)" line-rate="0" branch-rate="0" complexity="2">
              <lines>
                <line number="68" hits="0" branch="False" />
                <line number="69" hits="0" branch="True" condition-coverage="0% (0/2)">
                  <conditions>
                    <condition number="7" type="jump" coverage="0%" />
                  </conditions>
                </line>
                <line number="70" hits="0" branch="False" />
                <line number="71" hits="0" branch="False" />
              </lines>
            </method>
            <method name="CreateTexture" signature="(System.UInt32,System.UInt32,System.Byte[])" line-rate="0" branch-rate="0" complexity="4">
              <lines>
                <line number="75" hits="0" branch="False" />
                <line number="77" hits="0" branch="True" condition-coverage="0% (0/4)">
                  <conditions>
                    <condition number="4" type="jump" coverage="0%" />
                    <condition number="9" type="jump" coverage="0%" />
                  </conditions>
                </line>
                <line number="78" hits="0" branch="False" />
                <line number="79" hits="0" branch="False" />
                <line number="80" hits="0" branch="False" />
                <line number="82" hits="0" branch="False" />
              </lines>
            </method>
            <method name="DestroyTexture" signature="(System.UInt32)" line-rate="0" branch-rate="0" complexity="2">
              <lines>
                <line number="86" hits="0" branch="False" />
                <line number="87" hits="0" branch="True" condition-coverage="0% (0/2)">
                  <conditions>
                    <condition number="7" type="jump" coverage="0%" />
                  </conditions>
                </line>
                <line number="88" hits="0" branch="False" />
                <line number="89" hits="0" branch="False" />
              </lines>
            </method>
            <method name="CreateMaterial" signature="(System.Single,System.Single,System.Single,System.Single,System.UInt32,System.Single,System.Single,System.UInt32)" line-rate="0" branch-rate="1" complexity="1">
              <lines>
                <line number="94" hits="0" branch="False" />
                <line number="96" hits="0" branch="False" />
                <line number="97" hits="0" branch="False" />
                <line number="98" hits="0" branch="False" />
                <line number="99" hits="0" branch="False" />
                <line number="100" hits="0" branch="False" />
                <line number="101" hits="0" branch="False" />
              </lines>
            </method>
            <method name="CreateMaterial" signature="(System.Numerics.Vector4,System.UInt32,System.Single,System.Single,System.UInt32)" line-rate="0" branch-rate="1" complexity="1">
              <lines>
                <line number="106" hits="0" branch="False" />
              </lines>
            </method>
            <method name="DestroyMaterial" signature="(System.UInt32)" line-rate="0" branch-rate="0" complexity="2">
              <lines>
                <line number="110" hits="0" branch="False" />
                <line number="111" hits="0" branch="True" condition-coverage="0% (0/2)">
                  <conditions>
                    <condition number="7" type="jump" coverage="0%" />
                  </conditions>
                </line>
                <line number="112" hits="0" branch="False" />
                <line number="113" hits="0" branch="False" />
              </lines>
            </method>
            <method name="SetDirectionalLight" signature="(System.Single,System.Single,System.Single,System.Single,System.Single,System.Single,System.Single)" line-rate="0" branch-rate="1" complexity="1">
              <lines>
                <line number="118" hits="0" branch="False" />
                <line number="119" hits="0" branch="False" />
                <line number="120" hits="0" branch="False" />
                <line number="121" hits="0" branch="False" />
                <line number="122" hits="0" branch="False" />
                <line number="123" hits="0" branch="False" />
                <line number="124" hits="0" branch="False" />
                <line number="125" hits="0" branch="False" />
              </lines>
            </method>
            <method name="SetAmbientLight" signature="(System.Single,System.Single,System.Single)" line-rate="0" branch-rate="1" complexity="1">
              <lines>
                <line number="128" hits="0" branch="False" />
              </lines>
            </method>
            <method name="SetCameraPos" signature="(System.Single,System.Single,System.Single)" line-rate="0" branch-rate="1" complexity="1">
              <lines>
                <line number="131" hits="0" branch="False" />
              </lines>
            </method>
            <method name="SetPointLights" signature="(System.ReadOnlySpan`1&lt;KernelEngine.Kernel.Native.ke_point_light&gt;)" line-rate="0" branch-rate="1" complexity="1">
              <lines>
                <line number="135" hits="0" branch="False" />
                <line number="136" hits="0" branch="False" />
                <line number="137" hits="0" branch="False" />
                <line number="138" hits="0" branch="False" />
              </lines>
            </method>
            <method name="SetSpotLights" signature="(System.ReadOnlySpan`1&lt;KernelEngine.Kernel.Native.ke_spot_light&gt;)" line-rate="0" branch-rate="1" complexity="1">
              <lines>
                <line number="142" hits="0" branch="False" />
                <line number="143" hits="0" branch="False" />
                <line number="144" hits="0" branch="False" />
                <line number="145" hits="0" branch="False" />
              </lines>
            </method>
            <method name="SetSsao" signature="(System.Boolean,System.Single,System.Single,System.Single)" line-rate="0" branch-rate="0" complexity="2">
              <lines>
                <line number="157" hits="0" branch="True" condition-coverage="0% (0/2)">
                  <conditions>
                    <condition number="19" type="jump" coverage="0%" />
                  </conditions>
                </line>
              </lines>
            </method>
            <method name="SetClusterConfig" signature="(System.UInt32,System.UInt32,System.UInt32,System.UInt32,System.UInt32)" line-rate="0" branch-rate="1" complexity="1">
              <lines>
                <line number="165" hits="0" branch="False" />
                <line number="166" hits="0" branch="False" />
                <line number="167" hits="0" branch="False" />
                <line number="168" hits="0" branch="False" />
                <line number="169" hits="0" branch="False" />
                <line number="170" hits="0" branch="False" />
                <line number="171" hits="0" branch="False" />
                <line number="172" hits="0" branch="False" />
                <line number="173" hits="0" branch="False" />
                <line number="174" hits="0" branch="False" />
                <line number="175" hits="0" branch="False" />
              </lines>
            </method>
            <method name="CreateCubemap" signature="(System.UInt32,System.Byte[])" line-rate="0" branch-rate="0" complexity="4">
              <lines>
                <line number="183" hits="0" branch="False" />
                <line number="185" hits="0" branch="True" condition-coverage="0% (0/4)">
                  <conditions>
                    <condition number="4" type="jump" coverage="0%" />
                    <condition number="9" type="jump" coverage="0%" />
                  </conditions>
                </line>
                <line number="186" hits="0" branch="False" />
                <line number="187" hits="0" branch="False" />
                <line number="188" hits="0" branch="False" />
                <line number="190" hits="0" branch="False" />
              </lines>
            </method>
            <method name="SubmitSkybox" signature="(System.UInt32)" line-rate="0" branch-rate="1" complexity="1">
              <lines>
                <line number="196" hits="0" branch="False" />
              </lines>
            </method>
            <method name="SubmitMesh" signature="(System.UInt32,System.UInt32,System.Numerics.Matrix4x4)" line-rate="0" branch-rate="1" complexity="1">
              <lines>
                <line number="200" hits="0" branch="False" />
                <line number="201" hits="0" branch="False" />
                <line number="202" hits="0" branch="False" />
                <line number="203" hits="0" branch="False" />
              </lines>
            </method>
            <method name="CreateShadowMap" signature="(System.UInt32,System.UInt32)" line-rate="0" branch-rate="1" complexity="1">
              <lines>
                <line number="207" hits="0" branch="False" />
                <line number="209" hits="0" branch="False" />
                <line number="210" hits="0" branch="False" />
                <line number="211" hits="0" branch="False" />
              </lines>
            </method>
            <method name="DestroyShadowMap" signature="(System.UInt32)" line-rate="0" branch-rate="1" complexity="1">
              <lines>
                <line number="214" hits="0" branch="False" />
              </lines>
            </method>
            <method name="BeginShadowPass" signature="(System.UInt32,System.Numerics.Matrix4x4,System.Numerics.Matrix4x4)" line-rate="0" branch-rate="1" complexity="1">
              <lines>
                <line number="221" hits="0" branch="False" />
                <line number="222" hits="0" branch="False" />
                <line number="223" hits="0" branch="False" />
                <line number="224" hits="0" branch="False" />
                <line number="225" hits="0" branch="False" />
              </lines>
            </method>
            <method name="SubmitMeshShadow" signature="(System.UInt32,System.Numerics.Matrix4x4)" line-rate="0" branch-rate="1" complexity="1">
              <lines>
                <line number="229" hits="0" branch="False" />
                <line number="230" hits="0" branch="False" />
                <line number="231" hits="0" branch="False" />
                <line number="232" hits="0" branch="False" />
              </lines>
            </method>
            <method name="EndShadowPass" signature="()" line-rate="0" branch-rate="1" complexity="1">
              <lines>
                <line number="235" hits="0" branch="False" />
              </lines>
            </method>
            <method name="SetShadowMap" signature="(System.UInt32)" line-rate="0" branch-rate="1" complexity="1">
              <lines>
                <line number="238" hits="0" branch="False" />
              </lines>
            </method>
            <method name="SetTonemapping" signature="(System.Boolean,System.Single,System.Single)" line-rate="0" branch-rate="0" complexity="2">
              <lines>
                <line number="245" hits="0" branch="True" condition-coverage="0% (0/2)">
                  <conditions>
                    <condition number="19" type="jump" coverage="0%" />
                  </conditions>
                </line>
              </lines>
            </method>
            <method name="SetBloom" signature="(System.Boolean,System.Single,System.Single)" line-rate="0" branch-rate="0" complexity="2">
              <lines>
                <line number="252" hits="0" branch="True" condition-coverage="0% (0/2)">
                  <conditions>
                    <condition number="19" type="jump" coverage="0%" />
                  </conditions>
                </line>
              </lines>
            </method>
            <method name="Dispose" signature="()" line-rate="0" branch-rate="0" complexity="2">
              <lines>
                <line number="255" hits="0" branch="False" />
                <line number="256" hits="0" branch="True" condition-coverage="0% (0/2)">
                  <conditions>
                    <condition number="16" type="jump" coverage="0%" />
                  </conditions>
                </line>
                <line number="257" hits="0" branch="False" />
                <line number="258" hits="0" branch="False" />
[...]
                <line number="56" hits="0" branch="False" />
                <line number="57" hits="0" branch="False" />
              </lines>
            </method>
            <method name=".ctor" signature="(KernelEngine.Kernel.Native.ke_window*)" line-rate="0" branch-rate="1" complexity="1">
              <lines>
                <line number="25" hits="0" branch="False" />
                <line number="26" hits="0" branch="False" />
                <line number="27" hits="0" branch="False" />
                <line number="29" hits="0" branch="False" />
                <line number="30" hits="0" branch="False" />
              </lines>
            </method>
          </methods>
          <lines>
            <line number="16" hits="0" branch="False" />
            <line number="17" hits="0" branch="False" />
            <line number="18" hits="0" branch="False" />
            <line number="19" hits="0" branch="False" />
            <line number="33" hits="0" branch="False" />
            <line number="36" hits="0" branch="False" />
            <line number="40" hits="0" branch="False" />
            <line number="42" hits="0" branch="False" />
            <line number="43" hits="0" branch="False" />
            <line number="44" hits="0" branch="False" />
            <line number="47" hits="0" branch="False" />
            <line number="50" hits="0" branch="False" />
            <line number="51" hits="0" branch="True" condition-coverage="0% (0/2)">
              <conditions>
                <condition number="16" type="jump" coverage="0%" />
              </conditions>
            </line>
            <line number="52" hits="0" branch="False" />
            <line number="53" hits="0" branch="False" />
            <line number="54" hits="0" branch="False" />
            <line number="55" hits="0" branch="False" />
            <line number="56" hits="0" branch="False" />
            <line number="57" hits="0" branch="False" />
            <line number="25" hits="0" branch="False" />
            <line number="26" hits="0" branch="False" />
            <line number="27" hits="0" branch="False" />
            <line number="29" hits="0" branch="False" />
            <line number="30" hits="0" branch="False" />
          </lines>
        </class>
        <class name="KernelEngine.Kernel.World" filename="KernelEngine.Kernel\World.cs" line-rate="0.7585999999999999" branch-rate="0.5714" complexity="25">
          <methods>
            <method name="get_Native" signature="()" line-rate="1" branch-rate="1" complexity="1">
              <lines>
                <line number="21" hits="12" branch="False" />
                <line number="22" hits="12" branch="False" />
                <line number="23" hits="12" branch="False" />
                <line number="24" hits="12" branch="False" />
              </lines>
            </method>
            <method name="get_TransformComponentId" signature="()" line-rate="1" branch-rate="1" complexity="1">
              <lines>
                <line number="33" hits="12" branch="False" />
              </lines>
            </method>
            <method name="get_HierarchyComponentId" signature="()" line-rate="1" branch-rate="1" complexity="1">
              <lines>
                <line number="36" hits="14" branch="False" />
              </lines>
            </method>
            <method name="get_NameComponentId" signature="()" line-rate="1" branch-rate="1" complexity="1">
              <lines>
                <line number="39" hits="12" branch="False" />
              </lines>
            </method>
            <method name="get_ScriptComponentId" signature="()" line-rate="1" branch-rate="1" complexity="1">
              <lines>
                <line number="42" hits="12" branch="False" />
              </lines>
            </method>
            <method name="get_MeshRendererComponentId" signature="()" line-rate="1" branch-rate="1" complexity="1">
              <lines>
                <line number="45" hits="12" branch="False" />
              </lines>
            </method>
            <method name="get_Scene" signature="()" line-rate="1" branch-rate="1" complexity="2">
              <lines>
                <line number="72" hits="4" branch="True" condition-coverage="100% (2/2)">
                  <conditions>
                    <condition number="7" type="jump" coverage="100%" />
                  </conditions>
                </line>
              </lines>
            </method>
            <method name="get_Registry" signature="()" line-rate="1" branch-rate="1" complexity="2">
              <lines>
                <line number="75" hits="11" branch="True" condition-coverage="100% (2/2)">
                  <conditions>
                    <condition number="7" type="jump" coverage="100%" />
                  </conditions>
                </line>
              </lines>
            </method>
            <method name="get_ActiveCamera" signature="()" line-rate="0" branch-rate="1" complexity="1">
              <lines>
                <line number="78" hits="0" branch="False" />
              </lines>
            </method>
            <method name="AddSystem" signature="(KernelEngine.Kernel.ISystem)" line-rate="0" branch-rate="1" complexity="1">
              <lines>
                <line number="83" hits="0" branch="False" />
              </lines>
            </method>
            <method name="Update" signature="()" line-rate="0" branch-rate="0" complexity="4">
              <lines>
                <line number="92" hits="0" branch="False" />
                <line number="93" hits="0" branch="False" />
                <line number="94" hits="0" branch="False" />
                <line number="95" hits="0" branch="False" />
                <line number="97" hits="0" branch="False" />
                <line number="98" hits="0" branch="False" />
                <line number="99" hits="0" branch="True" condition-coverage="0% (0/2)">
                  <conditions>
                    <condition number="101" type="jump" coverage="0%" />
                  </conditions>
                </line>
                <line number="101" hits="0" branch="True" condition-coverage="0% (0/2)">
                  <conditions>
                    <condition number="155" type="jump" coverage="0%" />
                  </conditions>
                </line>
                <line number="102" hits="0" branch="False" />
                <line number="104" hits="0" branch="False" />
                <line number="105" hits="0" branch="False" />
              </lines>
            </method>
            <method name="GetRoot" signature="()" line-rate="1" branch-rate="1" complexity="1">
              <lines>
                <line number="109" hits="3" branch="False" />
              </lines>
            </method>
            <method name="CreateNode" signature="(System.String,System.UInt64)" line-rate="1" branch-rate="1" complexity="1">
              <lines>
                <line number="112" hits="3" branch="False" />
                <line number="113" hits="3" branch="False" />
                <line number="114" hits="6" branch="False" />
                <line number="115" hits="9" branch="False" />
                <line number="116" hits="3" branch="False" />
              </lines>
            </method>
            <method name="DestroyNode" signature="(System.UInt64)" line-rate="0" branch-rate="1" complexity="1">
              <lines>
                <line number="118" hits="0" branch="False" />
              </lines>
            </method>
            <method name="Dispose" signature="()" line-rate="1" branch-rate="1" complexity="2">
              <lines>
                <line number="123" hits="12" branch="False" />
                <line number="124" hits="12" branch="True" condition-coverage="100% (2/2)">
                  <conditions>
                    <condition number="16" type="jump" coverage="100%" />
                  </conditions>
                </line>
                <line number="125" hits="12" branch="False" />
                <line number="126" hits="12" branch="False" />
                <line number="127" hits="12" branch="False" />
                <line number="128" hits="12" branch="False" />
                <line number="129" hits="12" branch="False" />
                <line number="130" hits="12" branch="False" />
                <line number="131" hits="12" branch="False" />
              </lines>
            </method>
            <method name=".ctor" signature="(KernelEngine.Kernel.Allocator,KernelEngine.Kernel.Renderer,KernelEngine.Kernel.Window)" line-rate="1" branch-rate="0.5" complexity="4">
              <lines>
                <line number="16" hits="12" branch="False" />
                <line number="27" hits="12" branch="False" />
                <line number="50" hits="12" branch="False" />
                <line number="51" hits="12" branch="False" />
                <line number="52" hits="12" branch="True" condition-coverage="50% (2/4)">
                  <conditions>
                    <condition number="54" type="jump" coverage="50%" />
                    <condition number="74" type="jump" coverage="50%" />
                  </conditions>
                </line>
                <line number="53" hits="12" branch="False" />
                <line number="54" hits="12" branch="False" />
                <line number="55" hits="12" branch="False" />
                <line number="56" hits="12" branch="False" />
                <line number="57" hits="12" branch="False" />
                <line number="59" hits="12" branch="False" />
                <line number="60" hits="12" branch="False" />
                <line number="62" hits="12" branch="False" />
                <line number="63" hits="12" branch="False" />
                <line number="64" hits="12" branch="False" />
                <line number="65" hits="12" branch="False" />
                <line number="66" hits="12" branch="False" />
                <line number="67" hits="12" branch="False" />
              </lines>
            </method>
          </methods>
          <lines>
            <line number="21" hits="12" branch="False" />
            <line number="22" hits="12" branch="False" />
            <line number="23" hits="12" branch="False" />
            <line number="24" hits="12" branch="False" />
            <line number="33" hits="12" branch="False" />
            <line number="36" hits="14" branch="False" />
            <line number="39" hits="12" branch="False" />
            <line number="42" hits="12" branch="False" />
            <line number="45" hits="12" branch="False" />
            <line number="72" hits="4" branch="True" condition-coverage="100% (2/2)">
              <conditions>
                <condition number="7" type="jump" coverage="100%" />
              </conditions>
            </line>
            <line number="75" hits="11" branch="True" condition-coverage="100% (2/2)">
              <conditions>
                <condition number="7" type="jump" coverage="100%" />
              </conditions>
            </line>
            <line number="78" hits="0" branch="False" />
            <line number="83" hits="0" branch="False" />
            <line number="92" hits="0" branch="False" />
            <line number="93" hits="0" branch="False" />
            <line number="94" hits="0" branch="False" />
            <line number="95" hits="0" branch="False" />
            <line number="97" hits="0" branch="False" />
            <line number="98" hits="0" branch="False" />
            <line number="99" hits="0" branch="True" condition-coverage="0% (0/2)">
              <conditions>
                <condition number="101" type="jump" coverage="0%" />
              </conditions>
            </line>
            <line number="101" hits="0" branch="True" condition-coverage="0% (0/2)">
              <conditions>
                <condition number="155" type="jump" coverage="0%" />
              </conditions>
            </line>
            <line number="102" hits="0" branch="False" />
            <line number="104" hits="0" branch="False" />
            <line number="105" hits="0" branch="False" />
            <line number="109" hits="3" branch="False" />
            <line number="112" hits="3" branch="False" />
            <line number="113" hits="3" branch="False" />
            <line number="114" hits="6" branch="False" />
            <line number="115" hits="9" branch="False" />
            <line number="116" hits="3" branch="False" />
            <line number="118" hits="0" branch="False" />
            <line number="123" hits="12" branch="False" />
            <line number="124" hits="12" branch="True" condition-coverage="100% (2/2)">
              <conditions>
                <condition number="16" type="jump" coverage="100%" />
              </conditions>
            </line>
            <line number="125" hits="12" branch="False" />
            <line number="126" hits="12" branch="False" />
            <line number="127" hits="12" branch="False" />
            <line number="128" hits="12" branch="False" />
            <line number="129" hits="12" branch="False" />
            <line number="130" hits="12" branch="False" />
            <line number="131" hits="12" branch="False" />
            <line number="16" hits="12" branch="False" />
            <line number="27" hits="12" branch="False" />
            <line number="50" hits="12" branch="False" />
            <line number="51" hits="12" branch="False" />
            <line number="52" hits="12" branch="True" condition-coverage="50% (2/4)">
              <conditions>
                <condition number="54" type="jump" coverage="50%" />
                <condition number="74" type="jump" coverage="50%" />
              </conditions>
            </line>
            <line number="53" hits="12" branch="False" />
            <line number="54" hits="12" branch="False" />
            <line number="55" hits="12" branch="False" />
            <line number="56" hits="12" branch="False" />
            <line number="57" hits="12" branch="False" />
            <line number="59" hits="12" branch="False" />
            <line number="60" hits="12" branch="False" />
            <line number="62" hits="12" branch="False" />
            <line number="63" hits="12" branch="False" />
            <line number="64" hits="12" branch="False" />
            <line number="65" hits="12" branch="False" />
            <line number="66" hits="12" branch="False" />
            <line number="67" hits="12" branch="False" />
          </lines>
        </class>
      </classes>
    </package>
    <package name="KernelEngine.Kernel.Native" line-rate="0" branch-rate="1" complexity="12">
      <classes>
        <class name="KernelEngine.Kernel.Native.NativeAnnotationAttribute" filename="Native\KernelEngine.Kernel.Native\Generated\NativeAnnotationAttribute.cs" line-rate="0" branch-rate="1" complexity="2">
          <methods>
            <method name="get_Annotation" signature="()" line-rate="0" branch-rate="1" complexity="1">
              <lines>
                <line number="21" hits="0" branch="False" />
              </lines>
            </method>
            <method name=".ctor" signature="(System.String)" line-rate="0" branch-rate="1" complexity="1">
              <lines>
                <line number="15" hits="0" branch="False" />
                <line number="16" hits="0" branch="False" />
                <line number="17" hits="0" branch="False" />
                <line number="18" hits="0" branch="False" />
              </lines>
            </method>
          </methods>
          <lines>
            <line number="21" hits="0" branch="False" />
            <line number="15" hits="0" branch="False" />
            <line number="16" hits="0" branch="False" />
            <line number="17" hits="0" branch="False" />
            <line number="18" hits="0" branch="False" />
          </lines>
        </class>
        <class name="KernelEngine.Kernel.Native.NativeMethods" filename="Native\KernelEngine.Kernel.Native\Generated\NativeMethods.cs" line-rate="0" branch-rate="1" complexity="8">
          <methods>
            <method name="get_KE_ID_ALLOCATOR_DEFAULT" signature="()" line-rate="0" branch-rate="1" complexity="1">
              <lines>
                <line number="31" hits="0" branch="False" />
              </lines>
            </method>
            <method name="get_KE_ID_ALLOCATOR_SCRATCH" signature="()" line-rate="0" branch-rate="1" complexity="1">
              <lines>
                <line number="34" hits="0" branch="False" />
              </lines>
            </method>
            <method name="get_KE_ID_LOGGER" signature="()" line-rate="0" branch-rate="1" complexity="1">
              <lines>
                <line number="44" hits="0" branch="False" />
              </lines>
            </method>
            <method name="get_KE_ID_MESSAGE_PIPE" signature="()" line-rate="0" branch-rate="1" complexity="1">
              <lines>
                <line number="50" hits="0" branch="False" />
              </lines>
            </method>
            <method name="get_KE_ID_INPUT" signature="()" line-rate="0" branch-rate="1" complexity="1">
              <lines>
                <line number="93" hits="0" branch="False" />
              </lines>
            </method>
            <method name="get_KE_ID_RENDER" signature="()" line-rate="0" branch-rate="1" complexity="1">
              <lines>
                <line number="96" hits="0" branch="False" />
              </lines>
            </method>
            <method name="get_KE_ID_SHADER_COMPILER" signature="()" line-rate="0" branch-rate="1" complexity="1">
              <lines>
                <line number="105" hits="0" branch="False" />
              </lines>
            </method>
            <method name="get_KE_ID_WINDOW" signature="()" line-rate="0" branch-rate="1" complexity="1">
              <lines>
                <line number="108" hits="0" branch="False" />
              </lines>
            </method>
          </methods>
          <lines>
            <line number="31" hits="0" branch="False" />
            <line number="34" hits="0" branch="False" />
            <line number="44" hits="0" branch="False" />
            <line number="50" hits="0" branch="False" />
            <line number="93" hits="0" branch="False" />
            <line number="96" hits="0" branch="False" />
            <line number="105" hits="0" branch="False" />
            <line number="108" hits="0" branch="False" />
          </lines>
        </class>
        <class name="KernelEngine.Kernel.Native.NativeTypeNameAttribute" filename="Native\KernelEngine.Kernel.Native\Generated\NativeTypeNameAttribute.cs" line-rate="0" branch-rate="1" complexity="2">
          <methods>
            <method name="get_Name" signature="()" line-rate="0" branch-rate="1" complexity="1">
              <lines>
                <line number="21" hits="0" branch="False" />
              </lines>
            </method>
            <method name=".ctor" signature="(System.String)" line-rate="0" branch-rate="1" complexity="1">
              <lines>
                <line number="15" hits="0" branch="False" />
                <line number="16" hits="0" branch="False" />
                <line number="17" hits="0" branch="False" />
                <line number="18" hits="0" branch="False" />
              </lines>
            </method>
          </methods>
          <lines>
            <line number="21" hits="0" branch="False" />
            <line number="15" hits="0" branch="False" />
            <line number="16" hits="0" branch="False" />
            <line number="17" hits="0" branch="False" />
            <line number="18" hits="0" branch="False" />
          </lines>
        </class>
      </classes>
    </package>
  </packages>
</coverage>